Thu Jan 29 15:35:59 CST 2015 : Apache Derby Network Server - 10.11.1.1 - (1616546) started and ready to accept connections on port 1527
Thu Jan 29 15:38:56 CST 2015 Thread[DRDAConnThread_2,5,main] (DATABASE = sample-db), (DRDAID = {1}), JDBC attribute 'create' has an invalid value 'trye', valid values are '{true|false}'.
----------------------------------------------------------------
Thu Jan 29 15:39:16 CST 2015:
Booting Derby version The Apache Software Foundation - Apache Derby - 10.11.1.1 - (1616546): instance a816c00e-014b-379f-41ab-ffffe5e0fa8d 
on database directory C:\workspace\JDBCUpdates\derbyDB\sample-db with class loader sun.misc.Launcher$AppClassLoader@610455d6 
Loaded from file:/C:/Derby/lib/derby.jar
java.vendor=Oracle Corporation
java.runtime.version=1.8.0_25-b18
user.dir=C:\workspace\JDBCUpdates\derbyDB
os.name=Windows 7
os.arch=amd64
os.version=6.1
derby.system.home=C:\workspace\JDBCUpdates\derbyDB
Database Class Loader started - derby.database.classpath=''
Database Class Loader started - derby.database.classpath='APP.MyStoredProcedure'
Database Class Loader started - derby.database.classpath='APP.MyStoredProcedure'
Database Class Loader started - derby.database.classpath='APP.MyStoredProcedure'
Database Class Loader started - derby.database.classpath='APP.MyStoredProcedure'
Database Class Loader started - derby.database.classpath='APP.MyStoredProcedure'
Database Class Loader started - derby.database.classpath='APP.MyStoredProcedure'
